<?xml version="1.0" encoding="UTF-8"?>
<testng-results total="1" passed="1" failed="0" skipped="0">
  <reporter-output>
  </reporter-output>
  <suite started-at="2022-04-11T17:08:18Z" name="Default suite" finished-at="2022-04-11T17:08:26Z" duration-ms="8022">
    <groups>
    </groups>
    <test started-at="2022-04-11T17:08:18Z" name="Default test" finished-at="2022-04-11T17:08:26Z" duration-ms="8022">
      <class name="com.netbanking.testCases.TC_LoginTest_001">
        <test-method is-config="true" signature="setup()[pri:0, instance:com.netbanking.testCases.TC_LoginTest_001@2b6856dd]" started-at="2022-04-11T22:38:18Z" name="setup" finished-at="2022-04-11T22:38:20Z" duration-ms="1469" status="PASS">
          <reporter-output>
          </reporter-output>
        </test-method> <!-- setup -->
        <test-method signature="loginTest()[pri:0, instance:com.netbanking.testCases.TC_LoginTest_001@2b6856dd]" started-at="2022-04-11T22:38:20Z" name="loginTest" finished-at="2022-04-11T22:38:26Z" duration-ms="6350" status="PASS">
          <reporter-output>
          </reporter-output>
        </test-method> <!-- loginTest -->
        <test-method is-config="true" signature="tearDown()[pri:0, instance:com.netbanking.testCases.TC_LoginTest_001@2b6856dd]" started-at="2022-04-11T22:38:26Z" name="tearDown" finished-at="2022-04-11T22:38:26Z" duration-ms="190" status="PASS">
          <reporter-output>
          </reporter-output>
        </test-method> <!-- tearDown -->
      </class> <!-- com.netbanking.testCases.TC_LoginTest_001 -->
    </test> <!-- Default test -->
  </suite> <!-- Default suite -->
</testng-results>
