<?xml version="1.0" encoding="UTF-8"?>
<testng-results total="1" passed="1" failed="0" skipped="0">
  <reporter-output>
  </reporter-output>
  <suite started-at="2022-04-12T10:30:44Z" name="BankingApp_Suite" finished-at="2022-04-12T10:30:53Z" duration-ms="9742">
    <groups>
    </groups>
    <test started-at="2022-04-12T10:30:44Z" name="LoginTest" finished-at="2022-04-12T10:30:53Z" duration-ms="9742">
      <class name="com.netbanking.testCases.TC_LoginTest_001">
        <test-method is-config="true" signature="setup()[pri:0, instance:com.netbanking.testCases.TC_LoginTest_001@74ea2410]" started-at="2022-04-12T16:00:44Z" name="setup" finished-at="2022-04-12T16:00:45Z" duration-ms="1227" status="PASS">
          <reporter-output>
          </reporter-output>
        </test-method> <!-- setup -->
        <test-method signature="loginTest()[pri:0, instance:com.netbanking.testCases.TC_LoginTest_001@74ea2410]" started-at="2022-04-12T16:00:45Z" name="loginTest" finished-at="2022-04-12T16:00:53Z" duration-ms="8032" status="PASS">
          <reporter-output>
          </reporter-output>
        </test-method> <!-- loginTest -->
        <test-method is-config="true" signature="tearDown()[pri:0, instance:com.netbanking.testCases.TC_LoginTest_001@74ea2410]" started-at="2022-04-12T16:00:53Z" name="tearDown" finished-at="2022-04-12T16:00:53Z" duration-ms="296" status="PASS">
          <reporter-output>
          </reporter-output>
        </test-method> <!-- tearDown -->
        <test-method is-config="true" signature="tearDown()[pri:0, instance:com.netbanking.testCases.TC_LoginTest_001@74ea2410]" started-at="2022-04-12T16:00:53Z" name="tearDown" finished-at="2022-04-12T16:00:53Z" duration-ms="0" status="PASS">
          <reporter-output>
          </reporter-output>
        </test-method> <!-- tearDown -->
      </class> <!-- com.netbanking.testCases.TC_LoginTest_001 -->
    </test> <!-- LoginTest -->
  </suite> <!-- BankingApp_Suite -->
</testng-results>
